2011/12/04 04:15:38 [error] [system.db.CDbCommand] CDbCommand::fetchAll() failed: SQLSTATE[42S02]: Base table or view not found: 1146 Table 'informame.tbl_forum_category' doesn't exist. The SQL statement executed was: SHOW COLUMNS FROM `tbl_forum_category`.
in C:\xampp\htdocs\informame\protected\models\ForumCategory.php (21)
in C:\xampp\htdocs\informame\protected\controllers\ForumController.php (20)
in C:\xampp\htdocs\informame\index.php (13)
2011/12/04 04:15:38 [error] [exception.CDbException] exception 'CDbException' with message 'The table "tbl_forum_category" for active record class "ForumCategory" cannot be found in the database.' in C:\xampp\htdocs\yii\framework\db\ar\CActiveRecord.php:2276
Stack trace:
#0 C:\xampp\htdocs\yii\framework\db\ar\CActiveRecord.php(372): CActiveRecordMetaData->__construct(Object(ForumCategory))
#1 C:\xampp\htdocs\informame\protected\models\ForumCategory.php(21): CActiveRecord::model('ForumCategory')
#2 C:\xampp\htdocs\informame\protected\controllers\ForumController.php(20): ForumCategory::model()
#3 C:\xampp\htdocs\yii\framework\web\actions\CInlineAction.php(50): ForumController->actionIndex()
#4 C:\xampp\htdocs\yii\framework\web\CController.php(300): CInlineAction->runWithParams(Array)
#5 C:\xampp\htdocs\yii\framework\web\CController.php(278): CController->runAction(Object(CInlineAction))
#6 C:\xampp\htdocs\yii\framework\web\CController.php(257): CController->runActionWithFilters(Object(CInlineAction), Array)
#7 C:\xampp\htdocs\yii\framework\web\CWebApplication.php(277): CController->run('')
#8 C:\xampp\htdocs\yii\framework\web\CWebApplication.php(136): CWebApplication->runController('forum')
#9 C:\xampp\htdocs\yii\framework\base\CApplication.php(158): CWebApplication->processRequest()
#10 C:\xampp\htdocs\informame\index.php(13): CApplication->run()
#11 {main} REQUEST_URI=/informame/?r=forum
2011/12/04 04:24:39 [error] [exception.CHttpException.404] exception 'CHttpException' with message 'Unable to resolve the request "giig".' in C:\xampp\htdocs\yii\framework\web\CWebApplication.php:281
Stack trace:
#0 C:\xampp\htdocs\yii\framework\web\CWebApplication.php(136): CWebApplication->runController('giig')
#1 C:\xampp\htdocs\yii\framework\base\CApplication.php(158): CWebApplication->processRequest()
#2 C:\xampp\htdocs\informame\index.php(13): CApplication->run()
#3 {main} REQUEST_URI=/informame/?r=giig
2011/12/04 04:25:00 [error] [system.db.CDbCommand] CDbCommand::fetchAll() failed: SQLSTATE[42S02]: Base table or view not found: 1146 Table 'manyprizes.user' doesn't exist. The SQL statement executed was: SHOW COLUMNS FROM `User`.
in C:\xampp\htdocs\informame\index.php (13)
2011/12/03 11:29:33 [error] [php] Trying to get property of non-object (C:\xampp\htdocs\informame\protected\views\forum\index.php:55)
Stack trace:
#0 C:\xampp\htdocs\yii\framework\web\CController.php(866): ForumController->renderFile()
#1 C:\xampp\htdocs\yii\framework\web\CController.php(779): ForumController->renderPartial()
#2 C:\xampp\htdocs\informame\protected\controllers\ForumController.php(23): ForumController->render()
#3 C:\xampp\htdocs\yii\framework\web\actions\CInlineAction.php(50): ForumController->actionIndex()
#4 C:\xampp\htdocs\yii\framework\web\CController.php(300): CInlineAction->runWithParams()
#5 C:\xampp\htdocs\yii\framework\web\CController.php(278): ForumController->runAction()
#6 C:\xampp\htdocs\yii\framework\web\CController.php(257): ForumController->runActionWithFilters()
#7 C:\xampp\htdocs\yii\framework\web\CWebApplication.php(277): ForumController->run()
#8 C:\xampp\htdocs\yii\framework\web\CWebApplication.php(136): CWebApplication->runController()
#9 C:\xampp\htdocs\yii\framework\base\CApplication.php(158): CWebApplication->processRequest()
#10 C:\xampp\htdocs\informame\index.php(13): CWebApplication->run()
REQUEST_URI=/informame/?r=Forum
in C:\xampp\htdocs\informame\protected\views\forum\index.php (55)
in C:\xampp\htdocs\informame\protected\controllers\ForumController.php (23)
in C:\xampp\htdocs\informame\index.php (13)
2011/12/03 11:29:45 [error] [php] Trying to get property of non-object (C:\xampp\htdocs\informame\protected\views\forum\index.php:55)
Stack trace:
#0 C:\xampp\htdocs\yii\framework\web\CController.php(866): ForumController->renderFile()
#1 C:\xampp\htdocs\yii\framework\web\CController.php(779): ForumController->renderPartial()
#2 C:\xampp\htdocs\informame\protected\controllers\ForumController.php(23): ForumController->render()
#3 C:\xampp\htdocs\yii\framework\web\actions\CInlineAction.php(50): ForumController->actionIndex()
#4 C:\xampp\htdocs\yii\framework\web\CController.php(300): CInlineAction->runWithParams()
#5 C:\xampp\htdocs\yii\framework\web\CController.php(278): ForumController->runAction()
#6 C:\xampp\htdocs\yii\framework\web\CController.php(257): ForumController->runActionWithFilters()
#7 C:\xampp\htdocs\yii\framework\web\CWebApplication.php(277): ForumController->run()
#8 C:\xampp\htdocs\yii\framework\web\CWebApplication.php(136): CWebApplication->runController()
#9 C:\xampp\htdocs\yii\framework\base\CApplication.php(158): CWebApplication->processRequest()
#10 C:\xampp\htdocs\informame\index.php(13): CWebApplication->run()
REQUEST_URI=/informame/?r=Forum
in C:\xampp\htdocs\informame\protected\views\forum\index.php (55)
in C:\xampp\htdocs\informame\protected\controllers\ForumController.php (23)
in C:\xampp\htdocs\informame\index.php (13)
2011/12/03 11:30:17 [error] [php] Trying to get property of non-object (C:\xampp\htdocs\informame\protected\views\forum\index.php:55)
Stack trace:
#0 C:\xampp\htdocs\yii\framework\web\CController.php(866): ForumController->renderFile()
#1 C:\xampp\htdocs\yii\framework\web\CController.php(779): ForumController->renderPartial()
#2 C:\xampp\htdocs\informame\protected\controllers\ForumController.php(23): ForumController->render()
#3 C:\xampp\htdocs\yii\framework\web\actions\CInlineAction.php(50): ForumController->actionIndex()
#4 C:\xampp\htdocs\yii\framework\web\CController.php(300): CInlineAction->runWithParams()
#5 C:\xampp\htdocs\yii\framework\web\CController.php(278): ForumController->runAction()
#6 C:\xampp\htdocs\yii\framework\web\CController.php(257): ForumController->runActionWithFilters()
#7 C:\xampp\htdocs\yii\framework\web\CWebApplication.php(277): ForumController->run()
#8 C:\xampp\htdocs\yii\framework\web\CWebApplication.php(136): CWebApplication->runController()
#9 C:\xampp\htdocs\yii\framework\base\CApplication.php(158): CWebApplication->processRequest()
#10 C:\xampp\htdocs\informame\index.php(13): CWebApplication->run()
REQUEST_URI=/informame/?r=Forum
in C:\xampp\htdocs\informame\protected\views\forum\index.php (55)
in C:\xampp\htdocs\informame\protected\controllers\ForumController.php (23)
in C:\xampp\htdocs\informame\index.php (13)
2011/12/03 11:31:07 [error] [php] Trying to get property of non-object (C:\xampp\htdocs\informame\protected\views\forum\index.php:55)
Stack trace:
#0 C:\xampp\htdocs\yii\framework\web\CController.php(866): ForumController->renderFile()
#1 C:\xampp\htdocs\yii\framework\web\CController.php(779): ForumController->renderPartial()
#2 C:\xampp\htdocs\informame\protected\controllers\ForumController.php(23): ForumController->render()
#3 C:\xampp\htdocs\yii\framework\web\actions\CInlineAction.php(50): ForumController->actionIndex()
#4 C:\xampp\htdocs\yii\framework\web\CController.php(300): CInlineAction->runWithParams()
#5 C:\xampp\htdocs\yii\framework\web\CController.php(278): ForumController->runAction()
#6 C:\xampp\htdocs\yii\framework\web\CController.php(257): ForumController->runActionWithFilters()
#7 C:\xampp\htdocs\yii\framework\web\CWebApplication.php(277): ForumController->run()
#8 C:\xampp\htdocs\yii\framework\web\CWebApplication.php(136): CWebApplication->runController()
#9 C:\xampp\htdocs\yii\framework\base\CApplication.php(158): CWebApplication->processRequest()
#10 C:\xampp\htdocs\informame\index.php(13): CWebApplication->run()
REQUEST_URI=/informame/?r=Forum
in C:\xampp\htdocs\informame\protected\views\forum\index.php (55)
in C:\xampp\htdocs\informame\protected\controllers\ForumController.php (23)
in C:\xampp\htdocs\informame\index.php (13)
2011/12/03 11:32:41 [error] [php] Undefined index: page (C:\xampp\htdocs\informame\protected\views\forum\view.php:35)
Stack trace:
#0 C:\xampp\htdocs\yii\framework\web\CController.php(866): ForumController->renderFile()
#1 C:\xampp\htdocs\yii\framework\web\CController.php(779): ForumController->renderPartial()
#2 C:\xampp\htdocs\informame\protected\controllers\ForumController.php(141): ForumController->render()
#3 C:\xampp\htdocs\yii\framework\web\actions\CInlineAction.php(50): ForumController->actionView()
#4 C:\xampp\htdocs\yii\framework\web\CController.php(300): CInlineAction->runWithParams()
#5 C:\xampp\htdocs\yii\framework\web\CController.php(278): ForumController->runAction()
#6 C:\xampp\htdocs\yii\framework\web\CController.php(257): ForumController->runActionWithFilters()
#7 C:\xampp\htdocs\yii\framework\web\CWebApplication.php(277): ForumController->run()
#8 C:\xampp\htdocs\yii\framework\web\CWebApplication.php(136): CWebApplication->runController()
#9 C:\xampp\htdocs\yii\framework\base\CApplication.php(158): CWebApplication->processRequest()
#10 C:\xampp\htdocs\informame\index.php(13): CWebApplication->run()
REQUEST_URI=/informame/?r=forum/view&id=1
in C:\xampp\htdocs\informame\protected\views\forum\view.php (35)
in C:\xampp\htdocs\informame\protected\controllers\ForumController.php (141)
in C:\xampp\htdocs\informame\index.php (13)
2011/12/03 11:36:27 [error] [php] Undefined index: page (C:\xampp\htdocs\informame\protected\views\forum\view.php:35)
Stack trace:
#0 C:\xampp\htdocs\yii\framework\web\CController.php(866): ForumController->renderFile()
#1 C:\xampp\htdocs\yii\framework\web\CController.php(779): ForumController->renderPartial()
#2 C:\xampp\htdocs\informame\protected\controllers\ForumController.php(141): ForumController->render()
#3 C:\xampp\htdocs\yii\framework\web\actions\CInlineAction.php(50): ForumController->actionView()
#4 C:\xampp\htdocs\yii\framework\web\CController.php(300): CInlineAction->runWithParams()
#5 C:\xampp\htdocs\yii\framework\web\CController.php(278): ForumController->runAction()
#6 C:\xampp\htdocs\yii\framework\web\CController.php(257): ForumController->runActionWithFilters()
#7 C:\xampp\htdocs\yii\framework\web\CWebApplication.php(277): ForumController->run()
#8 C:\xampp\htdocs\yii\framework\web\CWebApplication.php(136): CWebApplication->runController()
#9 C:\xampp\htdocs\yii\framework\base\CApplication.php(158): CWebApplication->processRequest()
#10 C:\xampp\htdocs\informame\index.php(13): CWebApplication->run()
REQUEST_URI=/informame/?r=forum/view&id=1
in C:\xampp\htdocs\informame\protected\views\forum\view.php (35)
in C:\xampp\htdocs\informame\protected\controllers\ForumController.php (141)
in C:\xampp\htdocs\informame\index.php (13)
2011/12/03 11:36:29 [error] [php] Undefined index: page (C:\xampp\htdocs\informame\protected\views\forum\view.php:35)
Stack trace:
#0 C:\xampp\htdocs\yii\framework\web\CController.php(866): ForumController->renderFile()
#1 C:\xampp\htdocs\yii\framework\web\CController.php(779): ForumController->renderPartial()
#2 C:\xampp\htdocs\informame\protected\controllers\ForumController.php(141): ForumController->render()
#3 C:\xampp\htdocs\yii\framework\web\actions\CInlineAction.php(50): ForumController->actionView()
#4 C:\xampp\htdocs\yii\framework\web\CController.php(300): CInlineAction->runWithParams()
#5 C:\xampp\htdocs\yii\framework\web\CController.php(278): ForumController->runAction()
#6 C:\xampp\htdocs\yii\framework\web\CController.php(257): ForumController->runActionWithFilters()
#7 C:\xampp\htdocs\yii\framework\web\CWebApplication.php(277): ForumController->run()
#8 C:\xampp\htdocs\yii\framework\web\CWebApplication.php(136): CWebApplication->runController()
#9 C:\xampp\htdocs\yii\framework\base\CApplication.php(158): CWebApplication->processRequest()
#10 C:\xampp\htdocs\informame\index.php(13): CWebApplication->run()
REQUEST_URI=/informame/?r=forum/view&id=1
in C:\xampp\htdocs\informame\protected\views\forum\view.php (35)
in C:\xampp\htdocs\informame\protected\controllers\ForumController.php (141)
in C:\xampp\htdocs\informame\index.php (13)
2011/12/03 11:36:29 [error] [php] Undefined index: page (C:\xampp\htdocs\informame\protected\views\forum\view.php:35)
Stack trace:
#0 C:\xampp\htdocs\yii\framework\web\CController.php(866): ForumController->renderFile()
#1 C:\xampp\htdocs\yii\framework\web\CController.php(779): ForumController->renderPartial()
#2 C:\xampp\htdocs\informame\protected\controllers\ForumController.php(141): ForumController->render()
#3 C:\xampp\htdocs\yii\framework\web\actions\CInlineAction.php(50): ForumController->actionView()
#4 C:\xampp\htdocs\yii\framework\web\CController.php(300): CInlineAction->runWithParams()
#5 C:\xampp\htdocs\yii\framework\web\CController.php(278): ForumController->runAction()
#6 C:\xampp\htdocs\yii\framework\web\CController.php(257): ForumController->runActionWithFilters()
#7 C:\xampp\htdocs\yii\framework\web\CWebApplication.php(277): ForumController->run()
#8 C:\xampp\htdocs\yii\framework\web\CWebApplication.php(136): CWebApplication->runController()
#9 C:\xampp\htdocs\yii\framework\base\CApplication.php(158): CWebApplication->processRequest()
#10 C:\xampp\htdocs\informame\index.php(13): CWebApplication->run()
REQUEST_URI=/informame/?r=forum/view&id=1
in C:\xampp\htdocs\informame\protected\views\forum\view.php (35)
in C:\xampp\htdocs\informame\protected\controllers\ForumController.php (141)
in C:\xampp\htdocs\informame\index.php (13)
2011/12/03 11:36:30 [error] [php] Undefined index: page (C:\xampp\htdocs\informame\protected\views\forum\view.php:35)
Stack trace:
#0 C:\xampp\htdocs\yii\framework\web\CController.php(866): ForumController->renderFile()
#1 C:\xampp\htdocs\yii\framework\web\CController.php(779): ForumController->renderPartial()
#2 C:\xampp\htdocs\informame\protected\controllers\ForumController.php(141): ForumController->render()
#3 C:\xampp\htdocs\yii\framework\web\actions\CInlineAction.php(50): ForumController->actionView()
#4 C:\xampp\htdocs\yii\framework\web\CController.php(300): CInlineAction->runWithParams()
#5 C:\xampp\htdocs\yii\framework\web\CController.php(278): ForumController->runAction()
#6 C:\xampp\htdocs\yii\framework\web\CController.php(257): ForumController->runActionWithFilters()
#7 C:\xampp\htdocs\yii\framework\web\CWebApplication.php(277): ForumController->run()
#8 C:\xampp\htdocs\yii\framework\web\CWebApplication.php(136): CWebApplication->runController()
#9 C:\xampp\htdocs\yii\framework\base\CApplication.php(158): CWebApplication->processRequest()
#10 C:\xampp\htdocs\informame\index.php(13): CWebApplication->run()
REQUEST_URI=/informame/?r=forum/view&id=1
in C:\xampp\htdocs\informame\protected\views\forum\view.php (35)
in C:\xampp\htdocs\informame\protected\controllers\ForumController.php (141)
in C:\xampp\htdocs\informame\index.php (13)
2011/12/03 11:36:30 [error] [php] Undefined index: page (C:\xampp\htdocs\informame\protected\views\forum\view.php:35)
Stack trace:
#0 C:\xampp\htdocs\yii\framework\web\CController.php(866): ForumController->renderFile()
#1 C:\xampp\htdocs\yii\framework\web\CController.php(779): ForumController->renderPartial()
#2 C:\xampp\htdocs\informame\protected\controllers\ForumController.php(141): ForumController->render()
#3 C:\xampp\htdocs\yii\framework\web\actions\CInlineAction.php(50): ForumController->actionView()
#4 C:\xampp\htdocs\yii\framework\web\CController.php(300): CInlineAction->runWithParams()
#5 C:\xampp\htdocs\yii\framework\web\CController.php(278): ForumController->runAction()
#6 C:\xampp\htdocs\yii\framework\web\CController.php(257): ForumController->runActionWithFilters()
#7 C:\xampp\htdocs\yii\framework\web\CWebApplication.php(277): ForumController->run()
#8 C:\xampp\htdocs\yii\framework\web\CWebApplication.php(136): CWebApplication->runController()
#9 C:\xampp\htdocs\yii\framework\base\CApplication.php(158): CWebApplication->processRequest()
#10 C:\xampp\htdocs\informame\index.php(13): CWebApplication->run()
REQUEST_URI=/informame/?r=forum/view&id=1
in C:\xampp\htdocs\informame\protected\views\forum\view.php (35)
in C:\xampp\htdocs\informame\protected\controllers\ForumController.php (141)
in C:\xampp\htdocs\informame\index.php (13)
2011/12/03 11:36:30 [error] [php] Undefined index: page (C:\xampp\htdocs\informame\protected\views\forum\view.php:35)
Stack trace:
#0 C:\xampp\htdocs\yii\framework\web\CController.php(866): ForumController->renderFile()
#1 C:\xampp\htdocs\yii\framework\web\CController.php(779): ForumController->renderPartial()
#2 C:\xampp\htdocs\informame\protected\controllers\ForumController.php(141): ForumController->render()
#3 C:\xampp\htdocs\yii\framework\web\actions\CInlineAction.php(50): ForumController->actionView()
#4 C:\xampp\htdocs\yii\framework\web\CController.php(300): CInlineAction->runWithParams()
#5 C:\xampp\htdocs\yii\framework\web\CController.php(278): ForumController->runAction()
#6 C:\xampp\htdocs\yii\framework\web\CController.php(257): ForumController->runActionWithFilters()
#7 C:\xampp\htdocs\yii\framework\web\CWebApplication.php(277): ForumController->run()
#8 C:\xampp\htdocs\yii\framework\web\CWebApplication.php(136): CWebApplication->runController()
#9 C:\xampp\htdocs\yii\framework\base\CApplication.php(158): CWebApplication->processRequest()
#10 C:\xampp\htdocs\informame\index.php(13): CWebApplication->run()
REQUEST_URI=/informame/?r=forum/view&id=1
in C:\xampp\htdocs\informame\protected\views\forum\view.php (35)
in C:\xampp\htdocs\informame\protected\controllers\ForumController.php (141)
in C:\xampp\htdocs\informame\index.php (13)
2011/12/03 11:36:30 [error] [php] Undefined index: page (C:\xampp\htdocs\informame\protected\views\forum\view.php:35)
Stack trace:
#0 C:\xampp\htdocs\yii\framework\web\CController.php(866): ForumController->renderFile()
#1 C:\xampp\htdocs\yii\framework\web\CController.php(779): ForumController->renderPartial()
#2 C:\xampp\htdocs\informame\protected\controllers\ForumController.php(141): ForumController->render()
#3 C:\xampp\htdocs\yii\framework\web\actions\CInlineAction.php(50): ForumController->actionView()
#4 C:\xampp\htdocs\yii\framework\web\CController.php(300): CInlineAction->runWithParams()
#5 C:\xampp\htdocs\yii\framework\web\CController.php(278): ForumController->runAction()
#6 C:\xampp\htdocs\yii\framework\web\CController.php(257): ForumController->runActionWithFilters()
#7 C:\xampp\htdocs\yii\framework\web\CWebApplication.php(277): ForumController->run()
#8 C:\xampp\htdocs\yii\framework\web\CWebApplication.php(136): CWebApplication->runController()
#9 C:\xampp\htdocs\yii\framework\base\CApplication.php(158): CWebApplication->processRequest()
#10 C:\xampp\htdocs\informame\index.php(13): CWebApplication->run()
REQUEST_URI=/informame/?r=forum/view&id=1
in C:\xampp\htdocs\informame\protected\views\forum\view.php (35)
in C:\xampp\htdocs\informame\protected\controllers\ForumController.php (141)
in C:\xampp\htdocs\informame\index.php (13)
2011/12/03 11:36:30 [error] [php] Undefined index: page (C:\xampp\htdocs\informame\protected\views\forum\view.php:35)
Stack trace:
#0 C:\xampp\htdocs\yii\framework\web\CController.php(866): ForumController->renderFile()
#1 C:\xampp\htdocs\yii\framework\web\CController.php(779): ForumController->renderPartial()
#2 C:\xampp\htdocs\informame\protected\controllers\ForumController.php(141): ForumController->render()
#3 C:\xampp\htdocs\yii\framework\web\actions\CInlineAction.php(50): ForumController->actionView()
#4 C:\xampp\htdocs\yii\framework\web\CController.php(300): CInlineAction->runWithParams()
#5 C:\xampp\htdocs\yii\framework\web\CController.php(278): ForumController->runAction()
#6 C:\xampp\htdocs\yii\framework\web\CController.php(257): ForumController->runActionWithFilters()
#7 C:\xampp\htdocs\yii\framework\web\CWebApplication.php(277): ForumController->run()
#8 C:\xampp\htdocs\yii\framework\web\CWebApplication.php(136): CWebApplication->runController()
#9 C:\xampp\htdocs\yii\framework\base\CApplication.php(158): CWebApplication->processRequest()
#10 C:\xampp\htdocs\informame\index.php(13): CWebApplication->run()
REQUEST_URI=/informame/?r=forum/view&id=1
in C:\xampp\htdocs\informame\protected\views\forum\view.php (35)
in C:\xampp\htdocs\informame\protected\controllers\ForumController.php (141)
in C:\xampp\htdocs\informame\index.php (13)
2011/12/03 11:38:34 [error] [php] Undefined index: page (C:\xampp\htdocs\informame\protected\views\forum\view.php:35)
Stack trace:
#0 C:\xampp\htdocs\yii\framework\web\CController.php(866): ForumController->renderFile()
#1 C:\xampp\htdocs\yii\framework\web\CController.php(779): ForumController->renderPartial()
#2 C:\xampp\htdocs\informame\protected\controllers\ForumController.php(141): ForumController->render()
#3 C:\xampp\htdocs\yii\framework\web\actions\CInlineAction.php(50): ForumController->actionView()
#4 C:\xampp\htdocs\yii\framework\web\CController.php(300): CInlineAction->runWithParams()
#5 C:\xampp\htdocs\yii\framework\web\CController.php(278): ForumController->runAction()
#6 C:\xampp\htdocs\yii\framework\web\CController.php(257): ForumController->runActionWithFilters()
#7 C:\xampp\htdocs\yii\framework\web\CWebApplication.php(277): ForumController->run()
#8 C:\xampp\htdocs\yii\framework\web\CWebApplication.php(136): CWebApplication->runController()
#9 C:\xampp\htdocs\yii\framework\base\CApplication.php(158): CWebApplication->processRequest()
#10 C:\xampp\htdocs\informame\index.php(13): CWebApplication->run()
REQUEST_URI=/informame/?r=forum/view&id=1
in C:\xampp\htdocs\informame\protected\views\forum\view.php (35)
in C:\xampp\htdocs\informame\protected\controllers\ForumController.php (141)
in C:\xampp\htdocs\informame\index.php (13)
2011/12/03 11:38:36 [error] [php] Undefined index: page (C:\xampp\htdocs\informame\protected\views\forum\view.php:35)
Stack trace:
#0 C:\xampp\htdocs\yii\framework\web\CController.php(866): ForumController->renderFile()
#1 C:\xampp\htdocs\yii\framework\web\CController.php(779): ForumController->renderPartial()
#2 C:\xampp\htdocs\informame\protected\controllers\ForumController.php(141): ForumController->render()
#3 C:\xampp\htdocs\yii\framework\web\actions\CInlineAction.php(50): ForumController->actionView()
#4 C:\xampp\htdocs\yii\framework\web\CController.php(300): CInlineAction->runWithParams()
#5 C:\xampp\htdocs\yii\framework\web\CController.php(278): ForumController->runAction()
#6 C:\xampp\htdocs\yii\framework\web\CController.php(257): ForumController->runActionWithFilters()
#7 C:\xampp\htdocs\yii\framework\web\CWebApplication.php(277): ForumController->run()
#8 C:\xampp\htdocs\yii\framework\web\CWebApplication.php(136): CWebApplication->runController()
#9 C:\xampp\htdocs\yii\framework\base\CApplication.php(158): CWebApplication->processRequest()
#10 C:\xampp\htdocs\informame\index.php(13): CWebApplication->run()
REQUEST_URI=/informame/?r=forum/view&id=1
in C:\xampp\htdocs\informame\protected\views\forum\view.php (35)
in C:\xampp\htdocs\informame\protected\controllers\ForumController.php (141)
in C:\xampp\htdocs\informame\index.php (13)
2011/12/03 11:38:36 [error] [php] Undefined index: page (C:\xampp\htdocs\informame\protected\views\forum\view.php:35)
Stack trace:
#0 C:\xampp\htdocs\yii\framework\web\CController.php(866): ForumController->renderFile()
#1 C:\xampp\htdocs\yii\framework\web\CController.php(779): ForumController->renderPartial()
#2 C:\xampp\htdocs\informame\protected\controllers\ForumController.php(141): ForumController->render()
#3 C:\xampp\htdocs\yii\framework\web\actions\CInlineAction.php(50): ForumController->actionView()
#4 C:\xampp\htdocs\yii\framework\web\CController.php(300): CInlineAction->runWithParams()
#5 C:\xampp\htdocs\yii\framework\web\CController.php(278): ForumController->runAction()
#6 C:\xampp\htdocs\yii\framework\web\CController.php(257): ForumController->runActionWithFilters()
#7 C:\xampp\htdocs\yii\framework\web\CWebApplication.php(277): ForumController->run()
#8 C:\xampp\htdocs\yii\framework\web\CWebApplication.php(136): CWebApplication->runController()
#9 C:\xampp\htdocs\yii\framework\base\CApplication.php(158): CWebApplication->processRequest()
#10 C:\xampp\htdocs\informame\index.php(13): CWebApplication->run()
REQUEST_URI=/informame/?r=forum/view&id=1
in C:\xampp\htdocs\informame\protected\views\forum\view.php (35)
in C:\xampp\htdocs\informame\protected\controllers\ForumController.php (141)
in C:\xampp\htdocs\informame\index.php (13)
2011/12/03 11:40:48 [error] [php] Undefined index: page (C:\xampp\htdocs\informame\protected\views\forum\view.php:35)
Stack trace:
#0 C:\xampp\htdocs\yii\framework\web\CController.php(866): ForumController->renderFile()
#1 C:\xampp\htdocs\yii\framework\web\CController.php(779): ForumController->renderPartial()
#2 C:\xampp\htdocs\informame\protected\controllers\ForumController.php(141): ForumController->render()
#3 C:\xampp\htdocs\yii\framework\web\actions\CInlineAction.php(50): ForumController->actionView()
#4 C:\xampp\htdocs\yii\framework\web\CController.php(300): CInlineAction->runWithParams()
#5 C:\xampp\htdocs\yii\framework\web\CController.php(278): ForumController->runAction()
#6 C:\xampp\htdocs\yii\framework\web\CController.php(257): ForumController->runActionWithFilters()
#7 C:\xampp\htdocs\yii\framework\web\CWebApplication.php(277): ForumController->run()
#8 C:\xampp\htdocs\yii\framework\web\CWebApplication.php(136): CWebApplication->runController()
#9 C:\xampp\htdocs\yii\framework\base\CApplication.php(158): CWebApplication->processRequest()
#10 C:\xampp\htdocs\informame\index.php(13): CWebApplication->run()
REQUEST_URI=/informame/?r=forum/view&id=1
in C:\xampp\htdocs\informame\protected\views\forum\view.php (35)
in C:\xampp\htdocs\informame\protected\controllers\ForumController.php (141)
in C:\xampp\htdocs\informame\index.php (13)
2011/12/03 11:40:49 [error] [php] Undefined index: page (C:\xampp\htdocs\informame\protected\views\forum\view.php:35)
Stack trace:
#0 C:\xampp\htdocs\yii\framework\web\CController.php(866): ForumController->renderFile()
#1 C:\xampp\htdocs\yii\framework\web\CController.php(779): ForumController->renderPartial()
#2 C:\xampp\htdocs\informame\protected\controllers\ForumController.php(141): ForumController->render()
#3 C:\xampp\htdocs\yii\framework\web\actions\CInlineAction.php(50): ForumController->actionView()
#4 C:\xampp\htdocs\yii\framework\web\CController.php(300): CInlineAction->runWithParams()
#5 C:\xampp\htdocs\yii\framework\web\CController.php(278): ForumController->runAction()
#6 C:\xampp\htdocs\yii\framework\web\CController.php(257): ForumController->runActionWithFilters()
#7 C:\xampp\htdocs\yii\framework\web\CWebApplication.php(277): ForumController->run()
#8 C:\xampp\htdocs\yii\framework\web\CWebApplication.php(136): CWebApplication->runController()
#9 C:\xampp\htdocs\yii\framework\base\CApplication.php(158): CWebApplication->processRequest()
#10 C:\xampp\htdocs\informame\index.php(13): CWebApplication->run()
REQUEST_URI=/informame/?r=forum/view&id=1
in C:\xampp\htdocs\informame\protected\views\forum\view.php (35)
in C:\xampp\htdocs\informame\protected\controllers\ForumController.php (141)
in C:\xampp\htdocs\informame\index.php (13)
2011/12/03 11:40:50 [error] [php] Undefined index: page (C:\xampp\htdocs\informame\protected\views\forum\view.php:35)
Stack trace:
#0 C:\xampp\htdocs\yii\framework\web\CController.php(866): ForumController->renderFile()
#1 C:\xampp\htdocs\yii\framework\web\CController.php(779): ForumController->renderPartial()
#2 C:\xampp\htdocs\informame\protected\controllers\ForumController.php(141): ForumController->render()
#3 C:\xampp\htdocs\yii\framework\web\actions\CInlineAction.php(50): ForumController->actionView()
#4 C:\xampp\htdocs\yii\framework\web\CController.php(300): CInlineAction->runWithParams()
#5 C:\xampp\htdocs\yii\framework\web\CController.php(278): ForumController->runAction()
#6 C:\xampp\htdocs\yii\framework\web\CController.php(257): ForumController->runActionWithFilters()
#7 C:\xampp\htdocs\yii\framework\web\CWebApplication.php(277): ForumController->run()
#8 C:\xampp\htdocs\yii\framework\web\CWebApplication.php(136): CWebApplication->runController()
#9 C:\xampp\htdocs\yii\framework\base\CApplication.php(158): CWebApplication->processRequest()
#10 C:\xampp\htdocs\informame\index.php(13): CWebApplication->run()
REQUEST_URI=/informame/?r=forum/view&id=1
in C:\xampp\htdocs\informame\protected\views\forum\view.php (35)
in C:\xampp\htdocs\informame\protected\controllers\ForumController.php (141)
in C:\xampp\htdocs\informame\index.php (13)
2011/12/03 11:43:03 [error] [php] Undefined index: page (C:\xampp\htdocs\informame\protected\views\forum\view.php:35)
Stack trace:
#0 C:\xampp\htdocs\yii\framework\web\CController.php(866): ForumController->renderFile()
#1 C:\xampp\htdocs\yii\framework\web\CController.php(779): ForumController->renderPartial()
#2 C:\xampp\htdocs\informame\protected\controllers\ForumController.php(141): ForumController->render()
#3 C:\xampp\htdocs\yii\framework\web\actions\CInlineAction.php(50): ForumController->actionView()
#4 C:\xampp\htdocs\yii\framework\web\CController.php(300): CInlineAction->runWithParams()
#5 C:\xampp\htdocs\yii\framework\web\CController.php(278): ForumController->runAction()
#6 C:\xampp\htdocs\yii\framework\web\CController.php(257): ForumController->runActionWithFilters()
#7 C:\xampp\htdocs\yii\framework\web\CWebApplication.php(277): ForumController->run()
#8 C:\xampp\htdocs\yii\framework\web\CWebApplication.php(136): CWebApplication->runController()
#9 C:\xampp\htdocs\yii\framework\base\CApplication.php(158): CWebApplication->processRequest()
#10 C:\xampp\htdocs\informame\index.php(13): CWebApplication->run()
REQUEST_URI=/informame/?r=forum/view&id=1
in C:\xampp\htdocs\informame\protected\views\forum\view.php (35)
in C:\xampp\htdocs\informame\protected\controllers\ForumController.php (141)
in C:\xampp\htdocs\informame\index.php (13)
2011/12/03 11:43:03 [error] [php] Undefined index: page (C:\xampp\htdocs\informame\protected\views\forum\view.php:35)
Stack trace:
#0 C:\xampp\htdocs\yii\framework\web\CController.php(866): ForumController->renderFile()
#1 C:\xampp\htdocs\yii\framework\web\CController.php(779): ForumController->renderPartial()
#2 C:\xampp\htdocs\informame\protected\controllers\ForumController.php(141): ForumController->render()
#3 C:\xampp\htdocs\yii\framework\web\actions\CInlineAction.php(50): ForumController->actionView()
#4 C:\xampp\htdocs\yii\framework\web\CController.php(300): CInlineAction->runWithParams()
#5 C:\xampp\htdocs\yii\framework\web\CController.php(278): ForumController->runAction()
#6 C:\xampp\htdocs\yii\framework\web\CController.php(257): ForumController->runActionWithFilters()
#7 C:\xampp\htdocs\yii\framework\web\CWebApplication.php(277): ForumController->run()
#8 C:\xampp\htdocs\yii\framework\web\CWebApplication.php(136): CWebApplication->runController()
#9 C:\xampp\htdocs\yii\framework\base\CApplication.php(158): CWebApplication->processRequest()
#10 C:\xampp\htdocs\informame\index.php(13): CWebApplication->run()
REQUEST_URI=/informame/?r=forum/view&id=1
in C:\xampp\htdocs\informame\protected\views\forum\view.php (35)
in C:\xampp\htdocs\informame\protected\controllers\ForumController.php (141)
in C:\xampp\htdocs\informame\index.php (13)
2011/12/03 11:43:04 [error] [php] Undefined index: page (C:\xampp\htdocs\informame\protected\views\forum\view.php:35)
Stack trace:
#0 C:\xampp\htdocs\yii\framework\web\CController.php(866): ForumController->renderFile()
#1 C:\xampp\htdocs\yii\framework\web\CController.php(779): ForumController->renderPartial()
#2 C:\xampp\htdocs\informame\protected\controllers\ForumController.php(141): ForumController->render()
#3 C:\xampp\htdocs\yii\framework\web\actions\CInlineAction.php(50): ForumController->actionView()
#4 C:\xampp\htdocs\yii\framework\web\CController.php(300): CInlineAction->runWithParams()
#5 C:\xampp\htdocs\yii\framework\web\CController.php(278): ForumController->runAction()
#6 C:\xampp\htdocs\yii\framework\web\CController.php(257): ForumController->runActionWithFilters()
#7 C:\xampp\htdocs\yii\framework\web\CWebApplication.php(277): ForumController->run()
#8 C:\xampp\htdocs\yii\framework\web\CWebApplication.php(136): CWebApplication->runController()
#9 C:\xampp\htdocs\yii\framework\base\CApplication.php(158): CWebApplication->processRequest()
#10 C:\xampp\htdocs\informame\index.php(13): CWebApplication->run()
REQUEST_URI=/informame/?r=forum/view&id=1
in C:\xampp\htdocs\informame\protected\views\forum\view.php (35)
in C:\xampp\htdocs\informame\protected\controllers\ForumController.php (141)
in C:\xampp\htdocs\informame\index.php (13)
2011/12/03 11:44:19 [error] [system.db.CDbCommand] CDbCommand::fetchAll() failed: SQLSTATE[42S22]: Column not found: 1054 Unknown column 't.date_time' in 'order clause'. The SQL statement executed was: SELECT `t`.`id` AS `t0_c0`, `t`.`title` AS `t0_c1`, `t`.`readed` AS `t0_c2`, `t`.`status` AS `t0_c3`, `t`.`thread_type_id` AS `t0_c4`, `t`.`forum_id` AS `t0_c5`, `t`.`user_id` AS `t0_c6`, `forum`.`id` AS `t1_c0`, `forum`.`title` AS `t1_c1`, `forum`.`description` AS `t1_c2`, `forum`.`date_time` AS `t1_c3`, `forum`.`time` AS `t1_c4`, `forum`.`category_id` AS `t1_c5`, `forum`.`user_id` AS `t1_c6` FROM `tbl_thread` `t`  LEFT OUTER JOIN `tbl_forum` `forum` ON (`t`.`forum_id`=`forum`.`id`)  WHERE (forum_id=:forumID) ORDER BY t.date_time DESC LIMIT 25.
in C:\xampp\htdocs\informame\protected\models\Forum.php (86)
in C:\xampp\htdocs\informame\protected\views\forum\view.php (35)
in C:\xampp\htdocs\informame\protected\controllers\ForumController.php (141)
2011/12/03 11:44:19 [error] [exception.CDbException] exception 'CDbException' with message 'CDbCommand failed to execute the SQL statement: SQLSTATE[42S22]: Column not found: 1054 Unknown column 't.date_time' in 'order clause'. The SQL statement executed was: SELECT `t`.`id` AS `t0_c0`, `t`.`title` AS `t0_c1`, `t`.`readed` AS `t0_c2`, `t`.`status` AS `t0_c3`, `t`.`thread_type_id` AS `t0_c4`, `t`.`forum_id` AS `t0_c5`, `t`.`user_id` AS `t0_c6`, `forum`.`id` AS `t1_c0`, `forum`.`title` AS `t1_c1`, `forum`.`description` AS `t1_c2`, `forum`.`date_time` AS `t1_c3`, `forum`.`time` AS `t1_c4`, `forum`.`category_id` AS `t1_c5`, `forum`.`user_id` AS `t1_c6` FROM `tbl_thread` `t`  LEFT OUTER JOIN `tbl_forum` `forum` ON (`t`.`forum_id`=`forum`.`id`)  WHERE (forum_id=:forumID) ORDER BY t.date_time DESC LIMIT 25' in C:\xampp\htdocs\yii\framework\db\CDbCommand.php:516
Stack trace:
#0 C:\xampp\htdocs\yii\framework\db\CDbCommand.php(374): CDbCommand->queryInternal('fetchAll', Array, Array)
#1 C:\xampp\htdocs\yii\framework\db\ar\CActiveFinder.php(815): CDbCommand->queryAll()
#2 C:\xampp\htdocs\yii\framework\db\ar\CActiveFinder.php(447): CJoinElement->runQuery(Object(CJoinQuery))
#3 C:\xampp\htdocs\yii\framework\db\ar\CActiveFinder.php(72): CJoinElement->find(Object(CDbCriteria))
#4 C:\xampp\htdocs\yii\framework\db\ar\CActiveRecord.php(1295): CActiveFinder->query(Object(CDbCriteria), true)
#5 C:\xampp\htdocs\yii\framework\db\ar\CActiveRecord.php(1410): CActiveRecord->query(Object(CDbCriteria), true)
#6 C:\xampp\htdocs\yii\framework\web\CActiveDataProvider.php(147): CActiveRecord->findAll(Object(CDbCriteria))
#7 C:\xampp\htdocs\yii\framework\web\CDataProvider.php(128): CActiveDataProvider->fetchData()
#8 C:\xampp\htdocs\informame\protected\models\Forum.php(86): CDataProvider->getData()
#9 C:\xampp\htdocs\informame\protected\views\forum\view.php(35): Forum->getThreads(NULL)
#10 C:\xampp\htdocs\yii\framework\web\CBaseController.php(119): require('C:\xampp\htdocs...')
#11 C:\xampp\htdocs\yii\framework\web\CBaseController.php(88): CBaseController->renderInternal('C:\xampp\htdocs...', Array, true)
#12 C:\xampp\htdocs\yii\framework\web\CController.php(866): CBaseController->renderFile('C:\xampp\htdocs...', Array, true)
#13 C:\xampp\htdocs\yii\framework\web\CController.php(779): CController->renderPartial('view', Array, true)
#14 C:\xampp\htdocs\informame\protected\controllers\ForumController.php(141): CController->render('view', Array)
#15 C:\xampp\htdocs\yii\framework\web\actions\CInlineAction.php(50): ForumController->actionView()
#16 C:\xampp\htdocs\yii\framework\web\CController.php(300): CInlineAction->runWithParams(Array)
#17 C:\xampp\htdocs\yii\framework\web\CController.php(278): CController->runAction(Object(CInlineAction))
#18 C:\xampp\htdocs\yii\framework\web\CController.php(257): CController->runActionWithFilters(Object(CInlineAction), Array)
#19 C:\xampp\htdocs\yii\framework\web\CWebApplication.php(277): CController->run('view')
#20 C:\xampp\htdocs\yii\framework\web\CWebApplication.php(136): CWebApplication->runController('forum/view')
#21 C:\xampp\htdocs\yii\framework\base\CApplication.php(158): CWebApplication->processRequest()
#22 C:\xampp\htdocs\informame\index.php(13): CApplication->run()
#23 {main} REQUEST_URI=/informame/?r=forum/view&id=1
2011/12/03 11:48:32 [error] [system.db.CDbCommand] CDbCommand::fetchAll() failed: SQLSTATE[42S22]: Column not found: 1054 Unknown column 't.date_time' in 'order clause'. The SQL statement executed was: SELECT `t`.`id` AS `t0_c0`, `t`.`title` AS `t0_c1`, `t`.`readed` AS `t0_c2`, `t`.`status` AS `t0_c3`, `t`.`thread_type_id` AS `t0_c4`, `t`.`forum_id` AS `t0_c5`, `t`.`user_id` AS `t0_c6`, `forum`.`id` AS `t1_c0`, `forum`.`title` AS `t1_c1`, `forum`.`description` AS `t1_c2`, `forum`.`date_time` AS `t1_c3`, `forum`.`time` AS `t1_c4`, `forum`.`category_id` AS `t1_c5`, `forum`.`user_id` AS `t1_c6` FROM `tbl_thread` `t`  LEFT OUTER JOIN `tbl_forum` `forum` ON (`t`.`forum_id`=`forum`.`id`)  WHERE (forum_id=:forumID) ORDER BY t.date_time DESC LIMIT 25.
in C:\xampp\htdocs\informame\protected\models\Forum.php (86)
in C:\xampp\htdocs\informame\protected\views\forum\view.php (35)
in C:\xampp\htdocs\informame\protected\controllers\ForumController.php (141)
2011/12/03 11:48:32 [error] [exception.CDbException] exception 'CDbException' with message 'CDbCommand failed to execute the SQL statement: SQLSTATE[42S22]: Column not found: 1054 Unknown column 't.date_time' in 'order clause'. The SQL statement executed was: SELECT `t`.`id` AS `t0_c0`, `t`.`title` AS `t0_c1`, `t`.`readed` AS `t0_c2`, `t`.`status` AS `t0_c3`, `t`.`thread_type_id` AS `t0_c4`, `t`.`forum_id` AS `t0_c5`, `t`.`user_id` AS `t0_c6`, `forum`.`id` AS `t1_c0`, `forum`.`title` AS `t1_c1`, `forum`.`description` AS `t1_c2`, `forum`.`date_time` AS `t1_c3`, `forum`.`time` AS `t1_c4`, `forum`.`category_id` AS `t1_c5`, `forum`.`user_id` AS `t1_c6` FROM `tbl_thread` `t`  LEFT OUTER JOIN `tbl_forum` `forum` ON (`t`.`forum_id`=`forum`.`id`)  WHERE (forum_id=:forumID) ORDER BY t.date_time DESC LIMIT 25' in C:\xampp\htdocs\yii\framework\db\CDbCommand.php:516
Stack trace:
#0 C:\xampp\htdocs\yii\framework\db\CDbCommand.php(374): CDbCommand->queryInternal('fetchAll', Array, Array)
#1 C:\xampp\htdocs\yii\framework\db\ar\CActiveFinder.php(815): CDbCommand->queryAll()
#2 C:\xampp\htdocs\yii\framework\db\ar\CActiveFinder.php(447): CJoinElement->runQuery(Object(CJoinQuery))
#3 C:\xampp\htdocs\yii\framework\db\ar\CActiveFinder.php(72): CJoinElement->find(Object(CDbCriteria))
#4 C:\xampp\htdocs\yii\framework\db\ar\CActiveRecord.php(1295): CActiveFinder->query(Object(CDbCriteria), true)
#5 C:\xampp\htdocs\yii\framework\db\ar\CActiveRecord.php(1410): CActiveRecord->query(Object(CDbCriteria), true)
#6 C:\xampp\htdocs\yii\framework\web\CActiveDataProvider.php(147): CActiveRecord->findAll(Object(CDbCriteria))
#7 C:\xampp\htdocs\yii\framework\web\CDataProvider.php(128): CActiveDataProvider->fetchData()
#8 C:\xampp\htdocs\informame\protected\models\Forum.php(86): CDataProvider->getData()
#9 C:\xampp\htdocs\informame\protected\views\forum\view.php(35): Forum->getThreads(NULL)
#10 C:\xampp\htdocs\yii\framework\web\CBaseController.php(119): require('C:\xampp\htdocs...')
#11 C:\xampp\htdocs\yii\framework\web\CBaseController.php(88): CBaseController->renderInternal('C:\xampp\htdocs...', Array, true)
#12 C:\xampp\htdocs\yii\framework\web\CController.php(866): CBaseController->renderFile('C:\xampp\htdocs...', Array, true)
#13 C:\xampp\htdocs\yii\framework\web\CController.php(779): CController->renderPartial('view', Array, true)
#14 C:\xampp\htdocs\informame\protected\controllers\ForumController.php(141): CController->render('view', Array)
#15 C:\xampp\htdocs\yii\framework\web\actions\CInlineAction.php(50): ForumController->actionView()
#16 C:\xampp\htdocs\yii\framework\web\CController.php(300): CInlineAction->runWithParams(Array)
#17 C:\xampp\htdocs\yii\framework\web\CController.php(278): CController->runAction(Object(CInlineAction))
#18 C:\xampp\htdocs\yii\framework\web\CController.php(257): CController->runActionWithFilters(Object(CInlineAction), Array)
#19 C:\xampp\htdocs\yii\framework\web\CWebApplication.php(277): CController->run('view')
#20 C:\xampp\htdocs\yii\framework\web\CWebApplication.php(136): CWebApplication->runController('forum/view')
#21 C:\xampp\htdocs\yii\framework\base\CApplication.php(158): CWebApplication->processRequest()
#22 C:\xampp\htdocs\informame\index.php(13): CApplication->run()
#23 {main} REQUEST_URI=/informame/?r=forum/view&id=1
2011/12/03 11:48:33 [error] [system.db.CDbCommand] CDbCommand::fetchAll() failed: SQLSTATE[42S22]: Column not found: 1054 Unknown column 't.date_time' in 'order clause'. The SQL statement executed was: SELECT `t`.`id` AS `t0_c0`, `t`.`title` AS `t0_c1`, `t`.`readed` AS `t0_c2`, `t`.`status` AS `t0_c3`, `t`.`thread_type_id` AS `t0_c4`, `t`.`forum_id` AS `t0_c5`, `t`.`user_id` AS `t0_c6`, `forum`.`id` AS `t1_c0`, `forum`.`title` AS `t1_c1`, `forum`.`description` AS `t1_c2`, `forum`.`date_time` AS `t1_c3`, `forum`.`time` AS `t1_c4`, `forum`.`category_id` AS `t1_c5`, `forum`.`user_id` AS `t1_c6` FROM `tbl_thread` `t`  LEFT OUTER JOIN `tbl_forum` `forum` ON (`t`.`forum_id`=`forum`.`id`)  WHERE (forum_id=:forumID) ORDER BY t.date_time DESC LIMIT 25.
in C:\xampp\htdocs\informame\protected\models\Forum.php (86)
in C:\xampp\htdocs\informame\protected\views\forum\view.php (35)
in C:\xampp\htdocs\informame\protected\controllers\ForumController.php (141)
2011/12/03 11:48:33 [error] [exception.CDbException] exception 'CDbException' with message 'CDbCommand failed to execute the SQL statement: SQLSTATE[42S22]: Column not found: 1054 Unknown column 't.date_time' in 'order clause'. The SQL statement executed was: SELECT `t`.`id` AS `t0_c0`, `t`.`title` AS `t0_c1`, `t`.`readed` AS `t0_c2`, `t`.`status` AS `t0_c3`, `t`.`thread_type_id` AS `t0_c4`, `t`.`forum_id` AS `t0_c5`, `t`.`user_id` AS `t0_c6`, `forum`.`id` AS `t1_c0`, `forum`.`title` AS `t1_c1`, `forum`.`description` AS `t1_c2`, `forum`.`date_time` AS `t1_c3`, `forum`.`time` AS `t1_c4`, `forum`.`category_id` AS `t1_c5`, `forum`.`user_id` AS `t1_c6` FROM `tbl_thread` `t`  LEFT OUTER JOIN `tbl_forum` `forum` ON (`t`.`forum_id`=`forum`.`id`)  WHERE (forum_id=:forumID) ORDER BY t.date_time DESC LIMIT 25' in C:\xampp\htdocs\yii\framework\db\CDbCommand.php:516
Stack trace:
#0 C:\xampp\htdocs\yii\framework\db\CDbCommand.php(374): CDbCommand->queryInternal('fetchAll', Array, Array)
#1 C:\xampp\htdocs\yii\framework\db\ar\CActiveFinder.php(815): CDbCommand->queryAll()
#2 C:\xampp\htdocs\yii\framework\db\ar\CActiveFinder.php(447): CJoinElement->runQuery(Object(CJoinQuery))
#3 C:\xampp\htdocs\yii\framework\db\ar\CActiveFinder.php(72): CJoinElement->find(Object(CDbCriteria))
#4 C:\xampp\htdocs\yii\framework\db\ar\CActiveRecord.php(1295): CActiveFinder->query(Object(CDbCriteria), true)
#5 C:\xampp\htdocs\yii\framework\db\ar\CActiveRecord.php(1410): CActiveRecord->query(Object(CDbCriteria), true)
#6 C:\xampp\htdocs\yii\framework\web\CActiveDataProvider.php(147): CActiveRecord->findAll(Object(CDbCriteria))
#7 C:\xampp\htdocs\yii\framework\web\CDataProvider.php(128): CActiveDataProvider->fetchData()
#8 C:\xampp\htdocs\informame\protected\models\Forum.php(86): CDataProvider->getData()
#9 C:\xampp\htdocs\informame\protected\views\forum\view.php(35): Forum->getThreads(NULL)
#10 C:\xampp\htdocs\yii\framework\web\CBaseController.php(119): require('C:\xampp\htdocs...')
#11 C:\xampp\htdocs\yii\framework\web\CBaseController.php(88): CBaseController->renderInternal('C:\xampp\htdocs...', Array, true)
#12 C:\xampp\htdocs\yii\framework\web\CController.php(866): CBaseController->renderFile('C:\xampp\htdocs...', Array, true)
#13 C:\xampp\htdocs\yii\framework\web\CController.php(779): CController->renderPartial('view', Array, true)
#14 C:\xampp\htdocs\informame\protected\controllers\ForumController.php(141): CController->render('view', Array)
#15 C:\xampp\htdocs\yii\framework\web\actions\CInlineAction.php(50): ForumController->actionView()
#16 C:\xampp\htdocs\yii\framework\web\CController.php(300): CInlineAction->runWithParams(Array)
#17 C:\xampp\htdocs\yii\framework\web\CController.php(278): CController->runAction(Object(CInlineAction))
#18 C:\xampp\htdocs\yii\framework\web\CController.php(257): CController->runActionWithFilters(Object(CInlineAction), Array)
#19 C:\xampp\htdocs\yii\framework\web\CWebApplication.php(277): CController->run('view')
#20 C:\xampp\htdocs\yii\framework\web\CWebApplication.php(136): CWebApplication->runController('forum/view')
#21 C:\xampp\htdocs\yii\framework\base\CApplication.php(158): CWebApplication->processRequest()
#22 C:\xampp\htdocs\informame\index.php(13): CApplication->run()
#23 {main} REQUEST_URI=/informame/?r=forum/view&id=1
2011/12/03 11:48:34 [error] [system.db.CDbCommand] CDbCommand::fetchAll() failed: SQLSTATE[42S22]: Column not found: 1054 Unknown column 't.date_time' in 'order clause'. The SQL statement executed was: SELECT `t`.`id` AS `t0_c0`, `t`.`title` AS `t0_c1`, `t`.`readed` AS `t0_c2`, `t`.`status` AS `t0_c3`, `t`.`thread_type_id` AS `t0_c4`, `t`.`forum_id` AS `t0_c5`, `t`.`user_id` AS `t0_c6`, `forum`.`id` AS `t1_c0`, `forum`.`title` AS `t1_c1`, `forum`.`description` AS `t1_c2`, `forum`.`date_time` AS `t1_c3`, `forum`.`time` AS `t1_c4`, `forum`.`category_id` AS `t1_c5`, `forum`.`user_id` AS `t1_c6` FROM `tbl_thread` `t`  LEFT OUTER JOIN `tbl_forum` `forum` ON (`t`.`forum_id`=`forum`.`id`)  WHERE (forum_id=:forumID) ORDER BY t.date_time DESC LIMIT 25.
in C:\xampp\htdocs\informame\protected\models\Forum.php (86)
in C:\xampp\htdocs\informame\protected\views\forum\view.php (35)
in C:\xampp\htdocs\informame\protected\controllers\ForumController.php (141)
2011/12/03 11:48:34 [error] [exception.CDbException] exception 'CDbException' with message 'CDbCommand failed to execute the SQL statement: SQLSTATE[42S22]: Column not found: 1054 Unknown column 't.date_time' in 'order clause'. The SQL statement executed was: SELECT `t`.`id` AS `t0_c0`, `t`.`title` AS `t0_c1`, `t`.`readed` AS `t0_c2`, `t`.`status` AS `t0_c3`, `t`.`thread_type_id` AS `t0_c4`, `t`.`forum_id` AS `t0_c5`, `t`.`user_id` AS `t0_c6`, `forum`.`id` AS `t1_c0`, `forum`.`title` AS `t1_c1`, `forum`.`description` AS `t1_c2`, `forum`.`date_time` AS `t1_c3`, `forum`.`time` AS `t1_c4`, `forum`.`category_id` AS `t1_c5`, `forum`.`user_id` AS `t1_c6` FROM `tbl_thread` `t`  LEFT OUTER JOIN `tbl_forum` `forum` ON (`t`.`forum_id`=`forum`.`id`)  WHERE (forum_id=:forumID) ORDER BY t.date_time DESC LIMIT 25' in C:\xampp\htdocs\yii\framework\db\CDbCommand.php:516
Stack trace:
#0 C:\xampp\htdocs\yii\framework\db\CDbCommand.php(374): CDbCommand->queryInternal('fetchAll', Array, Array)
#1 C:\xampp\htdocs\yii\framework\db\ar\CActiveFinder.php(815): CDbCommand->queryAll()
#2 C:\xampp\htdocs\yii\framework\db\ar\CActiveFinder.php(447): CJoinElement->runQuery(Object(CJoinQuery))
#3 C:\xampp\htdocs\yii\framework\db\ar\CActiveFinder.php(72): CJoinElement->find(Object(CDbCriteria))
#4 C:\xampp\htdocs\yii\framework\db\ar\CActiveRecord.php(1295): CActiveFinder->query(Object(CDbCriteria), true)
#5 C:\xampp\htdocs\yii\framework\db\ar\CActiveRecord.php(1410): CActiveRecord->query(Object(CDbCriteria), true)
#6 C:\xampp\htdocs\yii\framework\web\CActiveDataProvider.php(147): CActiveRecord->findAll(Object(CDbCriteria))
#7 C:\xampp\htdocs\yii\framework\web\CDataProvider.php(128): CActiveDataProvider->fetchData()
#8 C:\xampp\htdocs\informame\protected\models\Forum.php(86): CDataProvider->getData()
#9 C:\xampp\htdocs\informame\protected\views\forum\view.php(35): Forum->getThreads(NULL)
#10 C:\xampp\htdocs\yii\framework\web\CBaseController.php(119): require('C:\xampp\htdocs...')
#11 C:\xampp\htdocs\yii\framework\web\CBaseController.php(88): CBaseController->renderInternal('C:\xampp\htdocs...', Array, true)
#12 C:\xampp\htdocs\yii\framework\web\CController.php(866): CBaseController->renderFile('C:\xampp\htdocs...', Array, true)
#13 C:\xampp\htdocs\yii\framework\web\CController.php(779): CController->renderPartial('view', Array, true)
#14 C:\xampp\htdocs\informame\protected\controllers\ForumController.php(141): CController->render('view', Array)
#15 C:\xampp\htdocs\yii\framework\web\actions\CInlineAction.php(50): ForumController->actionView()
#16 C:\xampp\htdocs\yii\framework\web\CController.php(300): CInlineAction->runWithParams(Array)
#17 C:\xampp\htdocs\yii\framework\web\CController.php(278): CController->runAction(Object(CInlineAction))
#18 C:\xampp\htdocs\yii\framework\web\CController.php(257): CController->runActionWithFilters(Object(CInlineAction), Array)
#19 C:\xampp\htdocs\yii\framework\web\CWebApplication.php(277): CController->run('view')
#20 C:\xampp\htdocs\yii\framework\web\CWebApplication.php(136): CWebApplication->runController('forum/view')
#21 C:\xampp\htdocs\yii\framework\base\CApplication.php(158): CWebApplication->processRequest()
#22 C:\xampp\htdocs\informame\index.php(13): CApplication->run()
#23 {main} REQUEST_URI=/informame/?r=forum/view&id=1
2011/12/03 11:48:34 [error] [system.db.CDbCommand] CDbCommand::fetchAll() failed: SQLSTATE[42S22]: Column not found: 1054 Unknown column 't.date_time' in 'order clause'. The SQL statement executed was: SELECT `t`.`id` AS `t0_c0`, `t`.`title` AS `t0_c1`, `t`.`readed` AS `t0_c2`, `t`.`status` AS `t0_c3`, `t`.`thread_type_id` AS `t0_c4`, `t`.`forum_id` AS `t0_c5`, `t`.`user_id` AS `t0_c6`, `forum`.`id` AS `t1_c0`, `forum`.`title` AS `t1_c1`, `forum`.`description` AS `t1_c2`, `forum`.`date_time` AS `t1_c3`, `forum`.`time` AS `t1_c4`, `forum`.`category_id` AS `t1_c5`, `forum`.`user_id` AS `t1_c6` FROM `tbl_thread` `t`  LEFT OUTER JOIN `tbl_forum` `forum` ON (`t`.`forum_id`=`forum`.`id`)  WHERE (forum_id=:forumID) ORDER BY t.date_time DESC LIMIT 25.
in C:\xampp\htdocs\informame\protected\models\Forum.php (86)
in C:\xampp\htdocs\informame\protected\views\forum\view.php (35)
in C:\xampp\htdocs\informame\protected\controllers\ForumController.php (141)
2011/12/03 11:48:34 [error] [exception.CDbException] exception 'CDbException' with message 'CDbCommand failed to execute the SQL statement: SQLSTATE[42S22]: Column not found: 1054 Unknown column 't.date_time' in 'order clause'. The SQL statement executed was: SELECT `t`.`id` AS `t0_c0`, `t`.`title` AS `t0_c1`, `t`.`readed` AS `t0_c2`, `t`.`status` AS `t0_c3`, `t`.`thread_type_id` AS `t0_c4`, `t`.`forum_id` AS `t0_c5`, `t`.`user_id` AS `t0_c6`, `forum`.`id` AS `t1_c0`, `forum`.`title` AS `t1_c1`, `forum`.`description` AS `t1_c2`, `forum`.`date_time` AS `t1_c3`, `forum`.`time` AS `t1_c4`, `forum`.`category_id` AS `t1_c5`, `forum`.`user_id` AS `t1_c6` FROM `tbl_thread` `t`  LEFT OUTER JOIN `tbl_forum` `forum` ON (`t`.`forum_id`=`forum`.`id`)  WHERE (forum_id=:forumID) ORDER BY t.date_time DESC LIMIT 25' in C:\xampp\htdocs\yii\framework\db\CDbCommand.php:516
Stack trace:
#0 C:\xampp\htdocs\yii\framework\db\CDbCommand.php(374): CDbCommand->queryInternal('fetchAll', Array, Array)
#1 C:\xampp\htdocs\yii\framework\db\ar\CActiveFinder.php(815): CDbCommand->queryAll()
#2 C:\xampp\htdocs\yii\framework\db\ar\CActiveFinder.php(447): CJoinElement->runQuery(Object(CJoinQuery))
#3 C:\xampp\htdocs\yii\framework\db\ar\CActiveFinder.php(72): CJoinElement->find(Object(CDbCriteria))
#4 C:\xampp\htdocs\yii\framework\db\ar\CActiveRecord.php(1295): CActiveFinder->query(Object(CDbCriteria), true)
#5 C:\xampp\htdocs\yii\framework\db\ar\CActiveRecord.php(1410): CActiveRecord->query(Object(CDbCriteria), true)
#6 C:\xampp\htdocs\yii\framework\web\CActiveDataProvider.php(147): CActiveRecord->findAll(Object(CDbCriteria))
#7 C:\xampp\htdocs\yii\framework\web\CDataProvider.php(128): CActiveDataProvider->fetchData()
#8 C:\xampp\htdocs\informame\protected\models\Forum.php(86): CDataProvider->getData()
#9 C:\xampp\htdocs\informame\protected\views\forum\view.php(35): Forum->getThreads(NULL)
#10 C:\xampp\htdocs\yii\framework\web\CBaseController.php(119): require('C:\xampp\htdocs...')
#11 C:\xampp\htdocs\yii\framework\web\CBaseController.php(88): CBaseController->renderInternal('C:\xampp\htdocs...', Array, true)
#12 C:\xampp\htdocs\yii\framework\web\CController.php(866): CBaseController->renderFile('C:\xampp\htdocs...', Array, true)
#13 C:\xampp\htdocs\yii\framework\web\CController.php(779): CController->renderPartial('view', Array, true)
#14 C:\xampp\htdocs\informame\protected\controllers\ForumController.php(141): CController->render('view', Array)
#15 C:\xampp\htdocs\yii\framework\web\actions\CInlineAction.php(50): ForumController->actionView()
#16 C:\xampp\htdocs\yii\framework\web\CController.php(300): CInlineAction->runWithParams(Array)
#17 C:\xampp\htdocs\yii\framework\web\CController.php(278): CController->runAction(Object(CInlineAction))
#18 C:\xampp\htdocs\yii\framework\web\CController.php(257): CController->runActionWithFilters(Object(CInlineAction), Array)
#19 C:\xampp\htdocs\yii\framework\web\CWebApplication.php(277): CController->run('view')
#20 C:\xampp\htdocs\yii\framework\web\CWebApplication.php(136): CWebApplication->runController('forum/view')
#21 C:\xampp\htdocs\yii\framework\base\CApplication.php(158): CWebApplication->processRequest()
#22 C:\xampp\htdocs\informame\index.php(13): CApplication->run()
#23 {main} REQUEST_URI=/informame/?r=forum/view&id=1
2011/12/03 11:48:35 [error] [system.db.CDbCommand] CDbCommand::fetchAll() failed: SQLSTATE[42S22]: Column not found: 1054 Unknown column 't.date_time' in 'order clause'. The SQL statement executed was: SELECT `t`.`id` AS `t0_c0`, `t`.`title` AS `t0_c1`, `t`.`readed` AS `t0_c2`, `t`.`status` AS `t0_c3`, `t`.`thread_type_id` AS `t0_c4`, `t`.`forum_id` AS `t0_c5`, `t`.`user_id` AS `t0_c6`, `forum`.`id` AS `t1_c0`, `forum`.`title` AS `t1_c1`, `forum`.`description` AS `t1_c2`, `forum`.`date_time` AS `t1_c3`, `forum`.`time` AS `t1_c4`, `forum`.`category_id` AS `t1_c5`, `forum`.`user_id` AS `t1_c6` FROM `tbl_thread` `t`  LEFT OUTER JOIN `tbl_forum` `forum` ON (`t`.`forum_id`=`forum`.`id`)  WHERE (forum_id=:forumID) ORDER BY t.date_time DESC LIMIT 25.
in C:\xampp\htdocs\informame\protected\models\Forum.php (86)
in C:\xampp\htdocs\informame\protected\views\forum\view.php (35)
in C:\xampp\htdocs\informame\protected\controllers\ForumController.php (141)
2011/12/03 11:48:35 [error] [exception.CDbException] exception 'CDbException' with message 'CDbCommand failed to execute the SQL statement: SQLSTATE[42S22]: Column not found: 1054 Unknown column 't.date_time' in 'order clause'. The SQL statement executed was: SELECT `t`.`id` AS `t0_c0`, `t`.`title` AS `t0_c1`, `t`.`readed` AS `t0_c2`, `t`.`status` AS `t0_c3`, `t`.`thread_type_id` AS `t0_c4`, `t`.`forum_id` AS `t0_c5`, `t`.`user_id` AS `t0_c6`, `forum`.`id` AS `t1_c0`, `forum`.`title` AS `t1_c1`, `forum`.`description` AS `t1_c2`, `forum`.`date_time` AS `t1_c3`, `forum`.`time` AS `t1_c4`, `forum`.`category_id` AS `t1_c5`, `forum`.`user_id` AS `t1_c6` FROM `tbl_thread` `t`  LEFT OUTER JOIN `tbl_forum` `forum` ON (`t`.`forum_id`=`forum`.`id`)  WHERE (forum_id=:forumID) ORDER BY t.date_time DESC LIMIT 25' in C:\xampp\htdocs\yii\framework\db\CDbCommand.php:516
Stack trace:
#0 C:\xampp\htdocs\yii\framework\db\CDbCommand.php(374): CDbCommand->queryInternal('fetchAll', Array, Array)
#1 C:\xampp\htdocs\yii\framework\db\ar\CActiveFinder.php(815): CDbCommand->queryAll()
#2 C:\xampp\htdocs\yii\framework\db\ar\CActiveFinder.php(447): CJoinElement->runQuery(Object(CJoinQuery))
#3 C:\xampp\htdocs\yii\framework\db\ar\CActiveFinder.php(72): CJoinElement->find(Object(CDbCriteria))
#4 C:\xampp\htdocs\yii\framework\db\ar\CActiveRecord.php(1295): CActiveFinder->query(Object(CDbCriteria), true)
#5 C:\xampp\htdocs\yii\framework\db\ar\CActiveRecord.php(1410): CActiveRecord->query(Object(CDbCriteria), true)
#6 C:\xampp\htdocs\yii\framework\web\CActiveDataProvider.php(147): CActiveRecord->findAll(Object(CDbCriteria))
#7 C:\xampp\htdocs\yii\framework\web\CDataProvider.php(128): CActiveDataProvider->fetchData()
#8 C:\xampp\htdocs\informame\protected\models\Forum.php(86): CDataProvider->getData()
#9 C:\xampp\htdocs\informame\protected\views\forum\view.php(35): Forum->getThreads(NULL)
#10 C:\xampp\htdocs\yii\framework\web\CBaseController.php(119): require('C:\xampp\htdocs...')
#11 C:\xampp\htdocs\yii\framework\web\CBaseController.php(88): CBaseController->renderInternal('C:\xampp\htdocs...', Array, true)
#12 C:\xampp\htdocs\yii\framework\web\CController.php(866): CBaseController->renderFile('C:\xampp\htdocs...', Array, true)
#13 C:\xampp\htdocs\yii\framework\web\CController.php(779): CController->renderPartial('view', Array, true)
#14 C:\xampp\htdocs\informame\protected\controllers\ForumController.php(141): CController->render('view', Array)
#15 C:\xampp\htdocs\yii\framework\web\actions\CInlineAction.php(50): ForumController->actionView()
#16 C:\xampp\htdocs\yii\framework\web\CController.php(300): CInlineAction->runWithParams(Array)
#17 C:\xampp\htdocs\yii\framework\web\CController.php(278): CController->runAction(Object(CInlineAction))
#18 C:\xampp\htdocs\yii\framework\web\CController.php(257): CController->runActionWithFilters(Object(CInlineAction), Array)
#19 C:\xampp\htdocs\yii\framework\web\CWebApplication.php(277): CController->run('view')
#20 C:\xampp\htdocs\yii\framework\web\CWebApplication.php(136): CWebApplication->runController('forum/view')
#21 C:\xampp\htdocs\yii\framework\base\CApplication.php(158): CWebApplication->processRequest()
#22 C:\xampp\htdocs\informame\index.php(13): CApplication->run()
#23 {main} REQUEST_URI=/informame/?r=forum/view&id=1
2011/12/03 11:48:35 [error] [system.db.CDbCommand] CDbCommand::fetchAll() failed: SQLSTATE[42S22]: Column not found: 1054 Unknown column 't.date_time' in 'order clause'. The SQL statement executed was: SELECT `t`.`id` AS `t0_c0`, `t`.`title` AS `t0_c1`, `t`.`readed` AS `t0_c2`, `t`.`status` AS `t0_c3`, `t`.`thread_type_id` AS `t0_c4`, `t`.`forum_id` AS `t0_c5`, `t`.`user_id` AS `t0_c6`, `forum`.`id` AS `t1_c0`, `forum`.`title` AS `t1_c1`, `forum`.`description` AS `t1_c2`, `forum`.`date_time` AS `t1_c3`, `forum`.`time` AS `t1_c4`, `forum`.`category_id` AS `t1_c5`, `forum`.`user_id` AS `t1_c6` FROM `tbl_thread` `t`  LEFT OUTER JOIN `tbl_forum` `forum` ON (`t`.`forum_id`=`forum`.`id`)  WHERE (forum_id=:forumID) ORDER BY t.date_time DESC LIMIT 25.
in C:\xampp\htdocs\informame\protected\models\Forum.php (86)
in C:\xampp\htdocs\informame\protected\views\forum\view.php (35)
in C:\xampp\htdocs\informame\protected\controllers\ForumController.php (141)
2011/12/03 11:48:35 [error] [exception.CDbException] exception 'CDbException' with message 'CDbCommand failed to execute the SQL statement: SQLSTATE[42S22]: Column not found: 1054 Unknown column 't.date_time' in 'order clause'. The SQL statement executed was: SELECT `t`.`id` AS `t0_c0`, `t`.`title` AS `t0_c1`, `t`.`readed` AS `t0_c2`, `t`.`status` AS `t0_c3`, `t`.`thread_type_id` AS `t0_c4`, `t`.`forum_id` AS `t0_c5`, `t`.`user_id` AS `t0_c6`, `forum`.`id` AS `t1_c0`, `forum`.`title` AS `t1_c1`, `forum`.`description` AS `t1_c2`, `forum`.`date_time` AS `t1_c3`, `forum`.`time` AS `t1_c4`, `forum`.`category_id` AS `t1_c5`, `forum`.`user_id` AS `t1_c6` FROM `tbl_thread` `t`  LEFT OUTER JOIN `tbl_forum` `forum` ON (`t`.`forum_id`=`forum`.`id`)  WHERE (forum_id=:forumID) ORDER BY t.date_time DESC LIMIT 25' in C:\xampp\htdocs\yii\framework\db\CDbCommand.php:516
Stack trace:
#0 C:\xampp\htdocs\yii\framework\db\CDbCommand.php(374): CDbCommand->queryInternal('fetchAll', Array, Array)
#1 C:\xampp\htdocs\yii\framework\db\ar\CActiveFinder.php(815): CDbCommand->queryAll()
#2 C:\xampp\htdocs\yii\framework\db\ar\CActiveFinder.php(447): CJoinElement->runQuery(Object(CJoinQuery))
#3 C:\xampp\htdocs\yii\framework\db\ar\CActiveFinder.php(72): CJoinElement->find(Object(CDbCriteria))
#4 C:\xampp\htdocs\yii\framework\db\ar\CActiveRecord.php(1295): CActiveFinder->query(Object(CDbCriteria), true)
#5 C:\xampp\htdocs\yii\framework\db\ar\CActiveRecord.php(1410): CActiveRecord->query(Object(CDbCriteria), true)
#6 C:\xampp\htdocs\yii\framework\web\CActiveDataProvider.php(147): CActiveRecord->findAll(Object(CDbCriteria))
#7 C:\xampp\htdocs\yii\framework\web\CDataProvider.php(128): CActiveDataProvider->fetchData()
#8 C:\xampp\htdocs\informame\protected\models\Forum.php(86): CDataProvider->getData()
#9 C:\xampp\htdocs\informame\protected\views\forum\view.php(35): Forum->getThreads(NULL)
#10 C:\xampp\htdocs\yii\framework\web\CBaseController.php(119): require('C:\xampp\htdocs...')
#11 C:\xampp\htdocs\yii\framework\web\CBaseController.php(88): CBaseController->renderInternal('C:\xampp\htdocs...', Array, true)
#12 C:\xampp\htdocs\yii\framework\web\CController.php(866): CBaseController->renderFile('C:\xampp\htdocs...', Array, true)
#13 C:\xampp\htdocs\yii\framework\web\CController.php(779): CController->renderPartial('view', Array, true)
#14 C:\xampp\htdocs\informame\protected\controllers\ForumController.php(141): CController->render('view', Array)
#15 C:\xampp\htdocs\yii\framework\web\actions\CInlineAction.php(50): ForumController->actionView()
#16 C:\xampp\htdocs\yii\framework\web\CController.php(300): CInlineAction->runWithParams(Array)
#17 C:\xampp\htdocs\yii\framework\web\CController.php(278): CController->runAction(Object(CInlineAction))
#18 C:\xampp\htdocs\yii\framework\web\CController.php(257): CController->runActionWithFilters(Object(CInlineAction), Array)
#19 C:\xampp\htdocs\yii\framework\web\CWebApplication.php(277): CController->run('view')
#20 C:\xampp\htdocs\yii\framework\web\CWebApplication.php(136): CWebApplication->runController('forum/view')
#21 C:\xampp\htdocs\yii\framework\base\CApplication.php(158): CWebApplication->processRequest()
#22 C:\xampp\htdocs\informame\index.php(13): CApplication->run()
#23 {main} REQUEST_URI=/informame/?r=forum/view&id=1
2011/12/03 11:49:48 [error] [php] include(Country.php) [<a href='function.include'>function.include</a>]: failed to open stream: No such file or directory (C:\xampp\htdocs\yii\framework\YiiBase.php:421)
Stack trace:
#0 C:\xampp\htdocs\yii\framework\db\ar\CActiveRecord.php(371): spl_autoload_call()
#1 C:\xampp\htdocs\yii\framework\db\ar\CActiveFinder.php(221): model()
#2 C:\xampp\htdocs\yii\framework\db\ar\CActiveFinder.php(51): CActiveFinder->buildJoinTree()
#3 C:\xampp\htdocs\yii\framework\db\ar\CActiveRecord.php(258): CActiveFinder->__construct()
#4 C:\xampp\htdocs\yii\framework\db\ar\CActiveRecord.php(127): User->getRelated()
#5 C:\xampp\htdocs\informame\protected\views\forum\thread.php(56): User->__get()
#6 C:\xampp\htdocs\yii\framework\web\CBaseController.php(119): require()
#7 C:\xampp\htdocs\yii\framework\web\CBaseController.php(88): ForumController->renderInternal()
#8 C:\xampp\htdocs\yii\framework\web\CController.php(866): ForumController->renderFile()
#9 C:\xampp\htdocs\yii\framework\web\CController.php(779): ForumController->renderPartial()
#10 C:\xampp\htdocs\informame\protected\controllers\ForumController.php(122): ForumController->render()
#11 C:\xampp\htdocs\yii\framework\web\actions\CInlineAction.php(50): ForumController->actionThread()
#12 C:\xampp\htdocs\yii\framework\web\CController.php(300): CInlineAction->runWithParams()
#13 C:\xampp\htdocs\yii\framework\web\CController.php(278): ForumController->runAction()
#14 C:\xampp\htdocs\yii\framework\web\CController.php(257): ForumController->runActionWithFilters()
#15 C:\xampp\htdocs\yii\framework\web\CWebApplication.php(277): ForumController->run()
#16 C:\xampp\htdocs\yii\framework\web\CWebApplication.php(136): CWebApplication->runController()
#17 C:\xampp\htdocs\yii\framework\base\CApplication.php(158): CWebApplication->processRequest()
#18 C:\xampp\htdocs\informame\index.php(13): CWebApplication->run()
REQUEST_URI=/informame/?r=forum/thread&id=1
in C:\xampp\htdocs\informame\protected\views\forum\thread.php (56)
in C:\xampp\htdocs\informame\protected\controllers\ForumController.php (122)
in C:\xampp\htdocs\informame\index.php (13)
2011/12/03 11:52:28 [error] [system.db.CDbCommand] CDbCommand::fetch() failed: SQLSTATE[42S02]: Base table or view not found: 1146 Table 'manyprizes.tbl_earnings' doesn't exist. The SQL statement executed was: SELECT SUM(amount) as total FROM tbl_earnings WHERE user_id=:userID.
in C:\xampp\htdocs\informame\protected\models\User.php (135)
in C:\xampp\htdocs\informame\protected\views\forum\thread.php (62)
in C:\xampp\htdocs\informame\protected\controllers\ForumController.php (122)
2011/12/03 11:52:28 [error] [exception.CDbException] exception 'CDbException' with message 'CDbCommand failed to execute the SQL statement: SQLSTATE[42S02]: Base table or view not found: 1146 Table 'manyprizes.tbl_earnings' doesn't exist. The SQL statement executed was: SELECT SUM(amount) as total FROM tbl_earnings WHERE user_id=:userID' in C:\xampp\htdocs\yii\framework\db\CDbCommand.php:516
Stack trace:
#0 C:\xampp\htdocs\yii\framework\db\CDbCommand.php(393): CDbCommand->queryInternal('fetch', Array, Array)
#1 C:\xampp\htdocs\informame\protected\models\User.php(135): CDbCommand->queryRow()
#2 C:\xampp\htdocs\informame\protected\views\forum\thread.php(62): User->getTotalEarned()
#3 C:\xampp\htdocs\yii\framework\web\CBaseController.php(119): require('C:\xampp\htdocs...')
#4 C:\xampp\htdocs\yii\framework\web\CBaseController.php(88): CBaseController->renderInternal('C:\xampp\htdocs...', Array, true)
#5 C:\xampp\htdocs\yii\framework\web\CController.php(866): CBaseController->renderFile('C:\xampp\htdocs...', Array, true)
#6 C:\xampp\htdocs\yii\framework\web\CController.php(779): CController->renderPartial('thread', Array, true)
#7 C:\xampp\htdocs\informame\protected\controllers\ForumController.php(122): CController->render('thread', Array)
#8 C:\xampp\htdocs\yii\framework\web\actions\CInlineAction.php(50): ForumController->actionThread()
#9 C:\xampp\htdocs\yii\framework\web\CController.php(300): CInlineAction->runWithParams(Array)
#10 C:\xampp\htdocs\yii\framework\web\CController.php(278): CController->runAction(Object(CInlineAction))
#11 C:\xampp\htdocs\yii\framework\web\CController.php(257): CController->runActionWithFilters(Object(CInlineAction), Array)
#12 C:\xampp\htdocs\yii\framework\web\CWebApplication.php(277): CController->run('thread')
#13 C:\xampp\htdocs\yii\framework\web\CWebApplication.php(136): CWebApplication->runController('forum/thread')
#14 C:\xampp\htdocs\yii\framework\base\CApplication.php(158): CWebApplication->processRequest()
#15 C:\xampp\htdocs\informame\index.php(13): CApplication->run()
#16 {main} REQUEST_URI=/informame/?r=forum/thread&id=1
2011/12/03 11:52:49 [error] [exception.CException] exception 'CException' with message 'Property "User.membership_id" is not defined.' in C:\xampp\htdocs\yii\framework\base\CComponent.php:131
Stack trace:
#0 C:\xampp\htdocs\yii\framework\db\ar\CActiveRecord.php(129): CComponent->__get('membership_id')
#1 C:\xampp\htdocs\informame\protected\views\forum\thread.php(65): CActiveRecord->__get('membership_id')
#2 C:\xampp\htdocs\yii\framework\web\CBaseController.php(119): require('C:\xampp\htdocs...')
#3 C:\xampp\htdocs\yii\framework\web\CBaseController.php(88): CBaseController->renderInternal('C:\xampp\htdocs...', Array, true)
#4 C:\xampp\htdocs\yii\framework\web\CController.php(866): CBaseController->renderFile('C:\xampp\htdocs...', Array, true)
#5 C:\xampp\htdocs\yii\framework\web\CController.php(779): CController->renderPartial('thread', Array, true)
#6 C:\xampp\htdocs\informame\protected\controllers\ForumController.php(122): CController->render('thread', Array)
#7 C:\xampp\htdocs\yii\framework\web\actions\CInlineAction.php(50): ForumController->actionThread()
#8 C:\xampp\htdocs\yii\framework\web\CController.php(300): CInlineAction->runWithParams(Array)
#9 C:\xampp\htdocs\yii\framework\web\CController.php(278): CController->runAction(Object(CInlineAction))
#10 C:\xampp\htdocs\yii\framework\web\CController.php(257): CController->runActionWithFilters(Object(CInlineAction), Array)
#11 C:\xampp\htdocs\yii\framework\web\CWebApplication.php(277): CController->run('thread')
#12 C:\xampp\htdocs\yii\framework\web\CWebApplication.php(136): CWebApplication->runController('forum/thread')
#13 C:\xampp\htdocs\yii\framework\base\CApplication.php(158): CWebApplication->processRequest()
#14 C:\xampp\htdocs\informame\index.php(13): CApplication->run()
#15 {main} REQUEST_URI=/informame/?r=forum/thread&id=1
2011/12/03 12:04:24 [error] [system.db.CDbCommand] CDbCommand::execute() failed: SQLSTATE[23000]: Integrity constraint violation: 1452 Cannot add or update a child row: a foreign key constraint fails (`manyprizes`.`tbl_post`, CONSTRAINT `fk_tbl_post_tbl_user1` FOREIGN KEY (`from_id`) REFERENCES `tbl_user` (`id`) ON DELETE NO ACTION ON UPDATE NO ACTION). The SQL statement executed was: INSERT INTO `tbl_post` (`to_id`, `content`, `date_time`, `time`, `deleted`, `thread_id`, `from_id`, `number`) VALUES (:yp0, :yp1, NOW(), :yp2, :yp3, :yp4, :yp5, :yp6).
in C:\xampp\htdocs\informame\protected\controllers\ForumController.php (98)
in C:\xampp\htdocs\informame\index.php (13)
2011/12/03 12:04:24 [error] [exception.CDbException] exception 'CDbException' with message 'CDbCommand failed to execute the SQL statement: SQLSTATE[23000]: Integrity constraint violation: 1452 Cannot add or update a child row: a foreign key constraint fails (`manyprizes`.`tbl_post`, CONSTRAINT `fk_tbl_post_tbl_user1` FOREIGN KEY (`from_id`) REFERENCES `tbl_user` (`id`) ON DELETE NO ACTION ON UPDATE NO ACTION). The SQL statement executed was: INSERT INTO `tbl_post` (`to_id`, `content`, `date_time`, `time`, `deleted`, `thread_id`, `from_id`, `number`) VALUES (:yp0, :yp1, NOW(), :yp2, :yp3, :yp4, :yp5, :yp6)' in C:\xampp\htdocs\yii\framework\db\CDbCommand.php:336
Stack trace:
#0 C:\xampp\htdocs\yii\framework\db\ar\CActiveRecord.php(1017): CDbCommand->execute()
#1 C:\xampp\htdocs\yii\framework\db\ar\CActiveRecord.php(781): CActiveRecord->insert(NULL)
#2 C:\xampp\htdocs\informame\protected\controllers\ForumController.php(98): CActiveRecord->save()
#3 C:\xampp\htdocs\yii\framework\web\actions\CInlineAction.php(50): ForumController->actionReply()
#4 C:\xampp\htdocs\yii\framework\web\CController.php(300): CInlineAction->runWithParams(Array)
#5 C:\xampp\htdocs\yii\framework\web\CController.php(278): CController->runAction(Object(CInlineAction))
#6 C:\xampp\htdocs\yii\framework\web\CController.php(257): CController->runActionWithFilters(Object(CInlineAction), Array)
#7 C:\xampp\htdocs\yii\framework\web\CWebApplication.php(277): CController->run('reply')
#8 C:\xampp\htdocs\yii\framework\web\CWebApplication.php(136): CWebApplication->runController('forum/reply')
#9 C:\xampp\htdocs\yii\framework\base\CApplication.php(158): CWebApplication->processRequest()
#10 C:\xampp\htdocs\informame\index.php(13): CApplication->run()
#11 {main} REQUEST_URI=/informame/?r=forum/reply&id=1
2011/12/03 12:14:16 [error] [exception.CException] exception 'CException' with message 'User and its behaviors do not have a method or closure named "getTotalPosts".' in C:\xampp\htdocs\yii\framework\base\CComponent.php:269
Stack trace:
#0 C:\xampp\htdocs\yii\framework\db\ar\CActiveRecord.php(214): CComponent->__call('getTotalPosts', Array)
#1 C:\xampp\htdocs\informame\protected\views\forum\thread.php(60): CActiveRecord->__call('getTotalPosts', Array)
#2 C:\xampp\htdocs\informame\protected\views\forum\thread.php(60): User->getTotalPosts()
#3 C:\xampp\htdocs\yii\framework\web\CBaseController.php(119): require('C:\xampp\htdocs...')
#4 C:\xampp\htdocs\yii\framework\web\CBaseController.php(88): CBaseController->renderInternal('C:\xampp\htdocs...', Array, true)
#5 C:\xampp\htdocs\yii\framework\web\CController.php(866): CBaseController->renderFile('C:\xampp\htdocs...', Array, true)
#6 C:\xampp\htdocs\yii\framework\web\CController.php(779): CController->renderPartial('thread', Array, true)
#7 C:\xampp\htdocs\informame\protected\controllers\ForumController.php(122): CController->render('thread', Array)
#8 C:\xampp\htdocs\yii\framework\web\actions\CInlineAction.php(50): ForumController->actionThread()
#9 C:\xampp\htdocs\yii\framework\web\CController.php(300): CInlineAction->runWithParams(Array)
#10 C:\xampp\htdocs\yii\framework\web\CController.php(278): CController->runAction(Object(CInlineAction))
#11 C:\xampp\htdocs\yii\framework\web\CController.php(257): CController->runActionWithFilters(Object(CInlineAction), Array)
#12 C:\xampp\htdocs\yii\framework\web\CWebApplication.php(277): CController->run('thread')
#13 C:\xampp\htdocs\yii\framework\web\CWebApplication.php(136): CWebApplication->runController('forum/thread')
#14 C:\xampp\htdocs\yii\framework\base\CApplication.php(158): CWebApplication->processRequest()
#15 C:\xampp\htdocs\informame\index.php(13): CApplication->run()
#16 {main} REQUEST_URI=/informame/?r=forum/thread&id=1
2011/12/03 16:18:30 [error] [exception.CHttpException.404] exception 'CHttpException' with message 'Unable to resolve the request "user/create".' in C:\xampp\htdocs\yii\framework\web\CWebApplication.php:281
Stack trace:
#0 C:\xampp\htdocs\yii\framework\web\CWebApplication.php(136): CWebApplication->runController('user/create')
#1 C:\xampp\htdocs\yii\framework\base\CApplication.php(158): CWebApplication->processRequest()
#2 C:\xampp\htdocs\informame\index.php(13): CApplication->run()
#3 {main} REQUEST_URI=/informame/?r=user/create
2011/12/03 16:28:28 [error] [exception.CException] exception 'CException' with message 'Property "UserIdentity._id" is not defined.' in C:\xampp\htdocs\yii\framework\base\CComponent.php:174
Stack trace:
#0 C:\xampp\htdocs\informame\protected\components\UserIdentity.php(33): CComponent->__set('_id', '3')
#1 C:\xampp\htdocs\informame\protected\models\LoginForm.php(52): UserIdentity->authenticate()
#2 C:\xampp\htdocs\yii\framework\validators\CInlineValidator.php(39): LoginForm->authenticate('password', Array)
#3 C:\xampp\htdocs\yii\framework\validators\CValidator.php(192): CInlineValidator->validateAttribute(Object(LoginForm), 'password')
#4 C:\xampp\htdocs\yii\framework\base\CModel.php(152): CValidator->validate(Object(LoginForm), NULL)
#5 C:\xampp\htdocs\informame\protected\controllers\SiteController.php(88): CModel->validate()
#6 C:\xampp\htdocs\yii\framework\web\actions\CInlineAction.php(50): SiteController->actionLogin()
#7 C:\xampp\htdocs\yii\framework\web\CController.php(300): CInlineAction->runWithParams(Array)
#8 C:\xampp\htdocs\yii\framework\web\CController.php(278): CController->runAction(Object(CInlineAction))
#9 C:\xampp\htdocs\yii\framework\web\CController.php(257): CController->runActionWithFilters(Object(CInlineAction), Array)
#10 C:\xampp\htdocs\yii\framework\web\CWebApplication.php(277): CController->run('login')
#11 C:\xampp\htdocs\yii\framework\web\CWebApplication.php(136): CWebApplication->runController('site/login')
#12 C:\xampp\htdocs\yii\framework\base\CApplication.php(158): CWebApplication->processRequest()
#13 C:\xampp\htdocs\informame\index.php(13): CApplication->run()
#14 {main} REQUEST_URI=/informame/index.php?r=site/login
2011/12/03 17:44:14 [error] [exception.CHttpException.404] exception 'CHttpException' with message 'The system is unable to find the requested action "login".' in C:\xampp\htdocs\yii\framework\web\CController.php:477
Stack trace:
#0 C:\xampp\htdocs\yii\framework\web\CController.php(262): CController->missingAction('login')
#1 C:\xampp\htdocs\yii\framework\web\CWebApplication.php(277): CController->run('login')
#2 C:\xampp\htdocs\yii\framework\web\CWebApplication.php(136): CWebApplication->runController('user/login')
#3 C:\xampp\htdocs\yii\framework\base\CApplication.php(158): CWebApplication->processRequest()
#4 C:\xampp\htdocs\informame\index.php(13): CApplication->run()
#5 {main} REQUEST_URI=/informame/?r=user/login
2011/12/03 17:44:14 [error] [exception.CHttpException.404] exception 'CHttpException' with message 'The system is unable to find the requested action "login".' in C:\xampp\htdocs\yii\framework\web\CController.php:477
Stack trace:
#0 C:\xampp\htdocs\yii\framework\web\CController.php(262): CController->missingAction('login')
#1 C:\xampp\htdocs\yii\framework\web\CWebApplication.php(277): CController->run('login')
#2 C:\xampp\htdocs\yii\framework\web\CWebApplication.php(136): CWebApplication->runController('user/login')
#3 C:\xampp\htdocs\yii\framework\base\CApplication.php(158): CWebApplication->processRequest()
#4 C:\xampp\htdocs\informame\index.php(13): CApplication->run()
#5 {main} REQUEST_URI=/informame/?r=user/login
2011/12/03 17:56:42 [error] [exception.CException] exception 'CException' with message 'Property "User.avatar_code" is not defined.' in C:\xampp\htdocs\yii\framework\base\CComponent.php:131
Stack trace:
#0 C:\xampp\htdocs\yii\framework\db\ar\CActiveRecord.php(129): CComponent->__get('avatar_code')
#1 C:\xampp\htdocs\informame\protected\views\forum\index.php(95): CActiveRecord->__get('avatar_code')
#2 C:\xampp\htdocs\yii\framework\web\CBaseController.php(119): require('C:\xampp\htdocs...')
#3 C:\xampp\htdocs\yii\framework\web\CBaseController.php(88): CBaseController->renderInternal('C:\xampp\htdocs...', Array, true)
#4 C:\xampp\htdocs\yii\framework\web\CController.php(866): CBaseController->renderFile('C:\xampp\htdocs...', Array, true)
#5 C:\xampp\htdocs\yii\framework\web\CController.php(779): CController->renderPartial('index', Array, true)
#6 C:\xampp\htdocs\informame\protected\controllers\ForumController.php(23): CController->render('index', Array)
#7 C:\xampp\htdocs\yii\framework\web\actions\CInlineAction.php(50): ForumController->actionIndex()
#8 C:\xampp\htdocs\yii\framework\web\CController.php(300): CInlineAction->runWithParams(Array)
#9 C:\xampp\htdocs\yii\framework\web\CController.php(278): CController->runAction(Object(CInlineAction))
#10 C:\xampp\htdocs\yii\framework\web\CController.php(257): CController->runActionWithFilters(Object(CInlineAction), Array)
#11 C:\xampp\htdocs\yii\framework\web\CWebApplication.php(277): CController->run('')
#12 C:\xampp\htdocs\yii\framework\web\CWebApplication.php(136): CWebApplication->runController('Forum')
#13 C:\xampp\htdocs\yii\framework\base\CApplication.php(158): CWebApplication->processRequest()
#14 C:\xampp\htdocs\informame\index.php(13): CApplication->run()
#15 {main} REQUEST_URI=/informame/?r=Forum
2011/12/03 18:09:54 [error] [exception.CException] exception 'CException' with message 'Property "Thread.time" is not defined.' in C:\xampp\htdocs\yii\framework\base\CComponent.php:174
Stack trace:
#0 C:\xampp\htdocs\yii\framework\db\ar\CActiveRecord.php(145): CComponent->__set('time', 1322932194)
#1 C:\xampp\htdocs\informame\protected\controllers\ForumController.php(42): CActiveRecord->__set('time', 1322932194)
#2 C:\xampp\htdocs\yii\framework\web\actions\CInlineAction.php(50): ForumController->actionNewthread()
#3 C:\xampp\htdocs\yii\framework\web\CController.php(300): CInlineAction->runWithParams(Array)
#4 C:\xampp\htdocs\yii\framework\web\CController.php(278): CController->runAction(Object(CInlineAction))
#5 C:\xampp\htdocs\yii\framework\web\CController.php(257): CController->runActionWithFilters(Object(CInlineAction), Array)
#6 C:\xampp\htdocs\yii\framework\web\CWebApplication.php(277): CController->run('newthread')
#7 C:\xampp\htdocs\yii\framework\web\CWebApplication.php(136): CWebApplication->runController('forum/newthread')
#8 C:\xampp\htdocs\yii\framework\base\CApplication.php(158): CWebApplication->processRequest()
#9 C:\xampp\htdocs\informame\index.php(13): CApplication->run()
#10 {main} REQUEST_URI=/informame/?r=forum/newthread&id=1
2011/12/04 12:13:40 [error] [exception.CHttpException.404] exception 'CHttpException' with message 'The requested view "index" was not found.' in C:\xampp\htdocs\yii\framework\web\actions\CViewAction.php:110
Stack trace:
#0 C:\xampp\htdocs\yii\framework\web\actions\CViewAction.php(121): CViewAction->resolveView('index')
#1 C:\xampp\htdocs\yii\framework\web\actions\CAction.php(72): CViewAction->run()
#2 C:\xampp\htdocs\yii\framework\web\CController.php(300): CAction->runWithParams(Array)
#3 C:\xampp\htdocs\yii\framework\web\CController.php(278): CController->runAction(Object(CViewAction))
#4 C:\xampp\htdocs\yii\framework\web\CController.php(257): CController->runActionWithFilters(Object(CViewAction), Array)
#5 C:\xampp\htdocs\yii\framework\web\CWebApplication.php(277): CController->run('page')
#6 C:\xampp\htdocs\yii\framework\web\CWebApplication.php(136): CWebApplication->runController('site/page')
#7 C:\xampp\htdocs\yii\framework\base\CApplication.php(158): CWebApplication->processRequest()
#8 C:\xampp\htdocs\informame\index.php(13): CApplication->run()
#9 {main} REQUEST_URI=/informame/?r=site/page&id=torta
2011/12/04 12:13:51 [error] [exception.CHttpException.404] exception 'CHttpException' with message 'The requested view "index" was not found.' in C:\xampp\htdocs\yii\framework\web\actions\CViewAction.php:110
Stack trace:
#0 C:\xampp\htdocs\yii\framework\web\actions\CViewAction.php(121): CViewAction->resolveView('index')
#1 C:\xampp\htdocs\yii\framework\web\actions\CAction.php(72): CViewAction->run()
#2 C:\xampp\htdocs\yii\framework\web\CController.php(300): CAction->runWithParams(Array)
#3 C:\xampp\htdocs\yii\framework\web\CController.php(278): CController->runAction(Object(CViewAction))
#4 C:\xampp\htdocs\yii\framework\web\CController.php(257): CController->runActionWithFilters(Object(CViewAction), Array)
#5 C:\xampp\htdocs\yii\framework\web\CWebApplication.php(277): CController->run('page')
#6 C:\xampp\htdocs\yii\framework\web\CWebApplication.php(136): CWebApplication->runController('site/page')
#7 C:\xampp\htdocs\yii\framework\base\CApplication.php(158): CWebApplication->processRequest()
#8 C:\xampp\htdocs\informame\index.php(13): CApplication->run()
#9 {main} REQUEST_URI=/informame/?r=site/page&id=tabs
2011/12/04 12:14:14 [error] [exception.CHttpException.404] exception 'CHttpException' with message 'The requested view "tabs" was not found.' in C:\xampp\htdocs\yii\framework\web\actions\CViewAction.php:110
Stack trace:
#0 C:\xampp\htdocs\yii\framework\web\actions\CViewAction.php(121): CViewAction->resolveView('tabs')
#1 C:\xampp\htdocs\yii\framework\web\actions\CAction.php(72): CViewAction->run()
#2 C:\xampp\htdocs\yii\framework\web\CController.php(300): CAction->runWithParams(Array)
#3 C:\xampp\htdocs\yii\framework\web\CController.php(278): CController->runAction(Object(CViewAction))
#4 C:\xampp\htdocs\yii\framework\web\CController.php(257): CController->runActionWithFilters(Object(CViewAction), Array)
#5 C:\xampp\htdocs\yii\framework\web\CWebApplication.php(277): CController->run('page')
#6 C:\xampp\htdocs\yii\framework\web\CWebApplication.php(136): CWebApplication->runController('site/page')
#7 C:\xampp\htdocs\yii\framework\base\CApplication.php(158): CWebApplication->processRequest()
#8 C:\xampp\htdocs\informame\index.php(13): CApplication->run()
#9 {main} REQUEST_URI=/informame/?r=site/page&view=tabs
2011/12/04 12:17:38 [error] [exception.CHttpException.404] exception 'CHttpException' with message 'The requested view "mapa" was not found.' in C:\xampp\htdocs\yii\framework\web\actions\CViewAction.php:110
Stack trace:
#0 C:\xampp\htdocs\yii\framework\web\actions\CViewAction.php(121): CViewAction->resolveView('mapa')
#1 C:\xampp\htdocs\yii\framework\web\actions\CAction.php(72): CViewAction->run()
#2 C:\xampp\htdocs\yii\framework\web\CController.php(300): CAction->runWithParams(Array)
#3 C:\xampp\htdocs\yii\framework\web\CController.php(278): CController->runAction(Object(CViewAction))
#4 C:\xampp\htdocs\yii\framework\web\CController.php(257): CController->runActionWithFilters(Object(CViewAction), Array)
#5 C:\xampp\htdocs\yii\framework\web\CWebApplication.php(277): CController->run('page')
#6 C:\xampp\htdocs\yii\framework\web\CWebApplication.php(136): CWebApplication->runController('site/page')
#7 C:\xampp\htdocs\yii\framework\base\CApplication.php(158): CWebApplication->processRequest()
#8 C:\xampp\htdocs\informame\index.php(13): CApplication->run()
#9 {main} REQUEST_URI=/informame/?r=site/page&view=mapa
